# JRE version: OpenJDK Runtime Environment (8.0_152-b01) (build 1.8.0_152-release-915-b01)
# Java VM: OpenJDK 64-Bit Server VM (25.152-b01 mixed mode windows-amd64 compressed oops)
Heap:
 PSYoungGen      total 151552K, used 120631K [0x00000000e0000000, 0x00000000eb500000, 0x0000000100000000)
  eden space 131584K, 76% used [0x00000000e0000000,0x00000000e6252ff8,0x00000000e8080000)
  from space 19968K, 99% used [0x00000000ea180000,0x00000000eb4faf50,0x00000000eb500000)
  to   space 23040K, 0% used [0x00000000e8800000,0x00000000e8800000,0x00000000e9e80000)
 ParOldGen       total 154624K, used 36084K [0x00000000a0000000, 0x00000000a9700000, 0x00000000e0000000)
  object space 154624K, 23% used [0x00000000a0000000,0x00000000a233d178,0x00000000a9700000)
 Metaspace       used 69217K, capacity 72070K, committed 72280K, reserved 1112064K
  class space    used 9108K, capacity 9742K, committed 9856K, reserved 1048576K
GC Heap History (10 events):
Event: 14.245 GC heap before
{Heap before GC invocations=13 (full 2):
 PSYoungGen      total 100864K, used 95897K [0x00000000e0000000, 0x00000000e6e00000, 0x0000000100000000)
  eden space 89600K, 100% used [0x00000000e0000000,0x00000000e5780000,0x00000000e5780000)
  from space 11264K, 55% used [0x00000000e6200000,0x00000000e68266d8,0x00000000e6d00000)
  to   space 10752K, 0% used [0x00000000e5780000,0x00000000e5780000,0x00000000e6200000)
 ParOldGen       total 98304K, used 15319K [0x00000000a0000000, 0x00000000a6000000, 0x00000000e0000000)
  object space 98304K, 15% used [0x00000000a0000000,0x00000000a0ef5e98,0x00000000a6000000)
 Metaspace       used 46420K, capacity 47494K, committed 47704K, reserved 1091584K
  class space    used 6201K, capacity 6524K, committed 6528K, reserved 1048576K
Event: 14.257 GC heap after
Heap after GC invocations=13 (full 2):
 PSYoungGen      total 100352K, used 10729K [0x00000000e0000000, 0x00000000e8900000, 0x0000000100000000)
  eden space 89600K, 0% used [0x00000000e0000000,0x00000000e0000000,0x00000000e5780000)
  from space 10752K, 99% used [0x00000000e5780000,0x00000000e61fa708,0x00000000e6200000)
  to   space 12288K, 0% used [0x00000000e7d00000,0x00000000e7d00000,0x00000000e8900000)
 ParOldGen       total 98304K, used 17063K [0x00000000a0000000, 0x00000000a6000000, 0x00000000e0000000)
  object space 98304K, 17% used [0x00000000a0000000,0x00000000a10a9e00,0x00000000a6000000)
 Metaspace       used 46420K, capacity 47494K, committed 47704K, reserved 1091584K
  class space    used 6201K, capacity 6524K, committed 6528K, reserved 1048576K
}
Event: 15.853 GC heap before
{Heap before GC invocations=14 (full 2):
 PSYoungGen      total 100352K, used 100329K [0x00000000e0000000, 0x00000000e8900000, 0x0000000100000000)
  eden space 89600K, 100% used [0x00000000e0000000,0x00000000e5780000,0x00000000e5780000)
  from space 10752K, 99% used [0x00000000e5780000,0x00000000e61fa708,0x00000000e6200000)
  to   space 12288K, 0% used [0x00000000e7d00000,0x00000000e7d00000,0x00000000e8900000)
 ParOldGen       total 98304K, used 17063K [0x00000000a0000000, 0x00000000a6000000, 0x00000000e0000000)
  object space 98304K, 17% used [0x00000000a0000000,0x00000000a10a9e00,0x00000000a6000000)
 Metaspace       used 52845K, capacity 54682K, committed 55000K, reserved 1097728K
  class space    used 7179K, capacity 7616K, committed 7680K, reserved 1048576K
Event: 15.867 GC heap after
Heap after GC invocations=14 (full 2):
 PSYoungGen      total 124416K, used 12262K [0x00000000e0000000, 0x00000000e9100000, 0x0000000100000000)
  eden space 112128K, 0% used [0x00000000e0000000,0x00000000e0000000,0x00000000e6d80000)
  from space 12288K, 99% used [0x00000000e7d00000,0x00000000e88f9ba8,0x00000000e8900000)
  to   space 15872K, 0% used [0x00000000e6d80000,0x00000000e6d80000,0x00000000e7d00000)
 ParOldGen       total 98304K, used 23067K [0x00000000a0000000, 0x00000000a6000000, 0x00000000e0000000)
  object space 98304K, 23% used [0x00000000a0000000,0x00000000a1686f18,0x00000000a6000000)
 Metaspace       used 52845K, capacity 54682K, committed 55000K, reserved 1097728K
  class space    used 7179K, capacity 7616K, committed 7680K, reserved 1048576K
}
Event: 18.330 GC heap before
{Heap before GC invocations=15 (full 2):
 PSYoungGen      total 124416K, used 70891K [0x00000000e0000000, 0x00000000e9100000, 0x0000000100000000)
  eden space 112128K, 52% used [0x00000000e0000000,0x00000000e39413f8,0x00000000e6d80000)
  from space 12288K, 99% used [0x00000000e7d00000,0x00000000e88f9ba8,0x00000000e8900000)
  to   space 15872K, 0% used [0x00000000e6d80000,0x00000000e6d80000,0x00000000e7d00000)
 ParOldGen       total 98304K, used 23067K [0x00000000a0000000, 0x00000000a6000000, 0x00000000e0000000)
  object space 98304K, 23% used [0x00000000a0000000,0x00000000a1686f18,0x00000000a6000000)
 Metaspace       used 57074K, capacity 58874K, committed 59028K, reserved 1099776K
  class space    used 7726K, capacity 8176K, committed 8192K, reserved 1048576K
Event: 18.345 GC heap after
Heap after GC invocations=15 (full 2):
 PSYoungGen      total 128000K, used 15843K [0x00000000e0000000, 0x00000000eb500000, 0x0000000100000000)
  eden space 112128K, 0% used [0x00000000e0000000,0x00000000e0000000,0x00000000e6d80000)
  from space 15872K, 99% used [0x00000000e6d80000,0x00000000e7cf8c68,0x00000000e7d00000)
  to   space 19968K, 0% used [0x00000000ea180000,0x00000000ea180000,0x00000000eb500000)
 ParOldGen       total 98304K, used 28256K [0x00000000a0000000, 0x00000000a6000000, 0x00000000e0000000)
  object space 98304K, 28% used [0x00000000a0000000,0x00000000a1b980e8,0x00000000a6000000)
 Metaspace       used 57074K, capacity 58874K, committed 59028K, reserved 1099776K
  class space    used 7726K, capacity 8176K, committed 8192K, reserved 1048576K
}
Event: 18.345 GC heap before
{Heap before GC invocations=16 (full 3):
 PSYoungGen      total 128000K, used 15843K [0x00000000e0000000, 0x00000000eb500000, 0x0000000100000000)
  eden space 112128K, 0% used [0x00000000e0000000,0x00000000e0000000,0x00000000e6d80000)
  from space 15872K, 99% used [0x00000000e6d80000,0x00000000e7cf8c68,0x00000000e7d00000)
  to   space 19968K, 0% used [0x00000000ea180000,0x00000000ea180000,0x00000000eb500000)
 ParOldGen       total 98304K, used 28256K [0x00000000a0000000, 0x00000000a6000000, 0x00000000e0000000)
  object space 98304K, 28% used [0x00000000a0000000,0x00000000a1b980e8,0x00000000a6000000)
 Metaspace       used 57074K, capacity 58874K, committed 59028K, reserved 1099776K
  class space    used 7726K, capacity 8176K, committed 8192K, reserved 1048576K
Event: 18.561 GC heap after
Heap after GC invocations=16 (full 3):
 PSYoungGen      total 128000K, used 0K [0x00000000e0000000, 0x00000000eb500000, 0x0000000100000000)
  eden space 112128K, 0% used [0x00000000e0000000,0x00000000e0000000,0x00000000e6d80000)
  from space 15872K, 0% used [0x00000000e6d80000,0x00000000e6d80000,0x00000000e7d00000)
  to   space 19968K, 0% used [0x00000000ea180000,0x00000000ea180000,0x00000000eb500000)
 ParOldGen       total 154624K, used 35901K [0x00000000a0000000, 0x00000000a9700000, 0x00000000e0000000)
  object space 154624K, 23% used [0x00000000a0000000,0x00000000a230f7d8,0x00000000a9700000)
 Metaspace       used 57074K, capacity 58874K, committed 59028K, reserved 1099776K
  class space    used 7726K, capacity 8176K, committed 8192K, reserved 1048576K
}
Event: 21.291 GC heap before
{Heap before GC invocations=17 (full 3):
 PSYoungGen      total 128000K, used 112128K [0x00000000e0000000, 0x00000000eb500000, 0x0000000100000000)
  eden space 112128K, 100% used [0x00000000e0000000,0x00000000e6d80000,0x00000000e6d80000)
  from space 15872K, 0% used [0x00000000e6d80000,0x00000000e6d80000,0x00000000e7d00000)
  to   space 19968K, 0% used [0x00000000ea180000,0x00000000ea180000,0x00000000eb500000)
 ParOldGen       total 154624K, used 35901K [0x00000000a0000000, 0x00000000a9700000, 0x00000000e0000000)
  object space 154624K, 23% used [0x00000000a0000000,0x00000000a230f7d8,0x00000000a9700000)
 Metaspace       used 62313K, capacity 64540K, committed 64600K, reserved 1105920K
  class space    used 8290K, capacity 8779K, committed 8832K, reserved 1048576K
Event: 21.307 GC heap after
Heap after GC invocations=17 (full 3):
 PSYoungGen      total 151552K, used 19947K [0x00000000e0000000, 0x00000000eb500000, 0x0000000100000000)
  eden space 131584K, 0% used [0x00000000e0000000,0x00000000e0000000,0x00000000e8080000)
  from space 19968K, 99% used [0x00000000ea180000,0x00000000eb4faf50,0x00000000eb500000)
  to   space 23040K, 0% used [0x00000000e8800000,0x00000000e8800000,0x00000000e9e80000)
 ParOldGen       total 154624K, used 36084K [0x00000000a0000000, 0x00000000a9700000, 0x00000000e0000000)
  object space 154624K, 23% used [0x00000000a0000000,0x00000000a233d178,0x00000000a9700000)
 Metaspace       used 62313K, capacity 64540K, committed 64600K, reserved 1105920K
  class space    used 8290K, capacity 8779K, committed 8832K, reserved 1048576K
}

